生成启动时间为 2019/9/10 20:40:47。
     1>项目“G:\比特作业\SeqList\SeqList\SeqList.vcxproj”在节点 2 上(Build 个目标)。
     1>ClCompile:
         E:\VS\VS安装地址\VC\bin\CL.exe /c /ZI /nologo /W3 /WX- /sdl /Od /Oy- /D _MBCS /Gm /EHsc /RTC1 /MDd /GS /fp:precise /Zc:wchar_t /Zc:forScope /Fo"Debug\\" /Fd"Debug\vc120.pdb" /Gd /TC /analyze- /errorReport:prompt TestMain.c
         TestMain.c
     1>g:\比特作业\seqlist\seqlist\seqlist.h(45): warning C4013: “memcpy”未定义；假设外部返回 int
     1>g:\比特作业\seqlist\seqlist\seqlist.h(102): warning C4018: “<”: 有符号/无符号不匹配
     1>g:\比特作业\seqlist\seqlist\seqlist.h(126): warning C4018: “<”: 有符号/无符号不匹配
     1>g:\比特作业\seqlist\seqlist\seqlist.h(146): warning C4018: “>=”: 有符号/无符号不匹配
     1>g:\比特作业\seqlist\seqlist\seqlist.h(156): warning C4018: “<”: 有符号/无符号不匹配
     1>g:\比特作业\seqlist\seqlist\seqlist.h(166): warning C4018: “>=”: 有符号/无符号不匹配
     1>g:\比特作业\seqlist\seqlist\seqlist.h(168): warning C4018: “<”: 有符号/无符号不匹配
     1>g:\比特作业\seqlist\seqlist\seqlist.h(184): warning C4018: “>”: 有符号/无符号不匹配
     1>g:\比特作业\seqlist\seqlist\seqlist.h(215): warning C4018: “<”: 有符号/无符号不匹配
     1>g:\比特作业\seqlist\seqlist\seqlist.h(219): warning C4018: “<”: 有符号/无符号不匹配
     1>g:\比特作业\seqlist\seqlist\seqlist.h(228): warning C4018: “<”: 有符号/无符号不匹配
     1>g:\比特作业\seqlist\seqlist\seqlist.h(230): warning C4018: “<”: 有符号/无符号不匹配
       Link:
         E:\VS\VS安装地址\VC\bin\link.exe /ERRORREPORT:PROMPT /OUT:"G:\比特作业\SeqList\Debug\SeqList.exe" /INCREMENTAL /NOLOGO kernel32.lib user32.lib gdi32.lib winspool.lib comdlg32.lib advapi32.lib shell32.lib ole32.lib oleaut32.lib uuid.lib odbc32.lib odbccp32.lib /MANIFEST /MANIFESTUAC:"level='asInvoker' uiAccess='false'" /manifest:embed /DEBUG /PDB:"G:\比特作业\SeqList\Debug\SeqList.pdb" /TLBID:1 /DYNAMICBASE /NXCOMPAT /IMPLIB:"G:\比特作业\SeqList\Debug\SeqList.lib" /MACHINE:X86 Debug\TestMain.obj
         SeqList.vcxproj -> G:\比特作业\SeqList\Debug\SeqList.exe
     1>已完成生成项目“G:\比特作业\SeqList\SeqList\SeqList.vcxproj”(Build 个目标)的操作。

生成成功。

已用时间 00:00:03.25
